<?xml version="1.0" encoding="UTF-8"?>
<testng-results skipped="0" failed="0" ignored="0" total="2" passed="2">
  <reporter-output>
  </reporter-output>
  <suite name="Regression" duration-ms="52235" started-at="2017-09-10T15:31:44Z" finished-at="2017-09-10T15:32:36Z">
    <groups>
    </groups>
    <test name="Regression Test" duration-ms="52235" started-at="2017-09-10T15:31:44Z" finished-at="2017-09-10T15:32:36Z">
      <class name="tests.searchItemTest">
        <test-method status="PASS" signature="setUp()[pri:0, instance:tests.searchItemTest@174d20a]" name="setUp" is-config="true" duration-ms="11500" started-at="2017-09-10T16:32:10Z" finished-at="2017-09-10T16:32:21Z">
          <reporter-output>
          </reporter-output>
        </test-method> <!-- setUp -->
        <test-method status="PASS" signature="searchItem(java.lang.String, java.lang.String, java.lang.String, java.lang.String)[pri:0, instance:tests.searchItemTest@174d20a]" name="searchItem" duration-ms="14179" started-at="2017-09-10T16:32:21Z" data-provider="searchItemData" finished-at="2017-09-10T16:32:35Z">
          <params>
            <param index="0">
              <value>
                <![CDATA[pranz.paliwal@gmail.com]]>
              </value>
            </param>
            <param index="1">
              <value>
                <![CDATA[Pswd@test9]]>
              </value>
            </param>
            <param index="2">
              <value>
                <![CDATA[Blouse]]>
              </value>
            </param>
            <param index="3">
              <value>
                <![CDATA[Blouse]]>
              </value>
            </param>
          </params>
          <reporter-output>
          </reporter-output>
        </test-method> <!-- searchItem -->
        <test-method status="PASS" signature="afterMethod()[pri:0, instance:tests.searchItemTest@174d20a]" name="afterMethod" is-config="true" duration-ms="1092" started-at="2017-09-10T16:32:35Z" finished-at="2017-09-10T16:32:36Z">
          <reporter-output>
          </reporter-output>
        </test-method> <!-- afterMethod -->
      </class> <!-- tests.searchItemTest -->
      <class name="tests.validLoginTest">
        <test-method status="PASS" signature="setUp()[pri:0, instance:tests.validLoginTest@7921b0a2]" name="setUp" is-config="true" duration-ms="16316" started-at="2017-09-10T16:31:46Z" finished-at="2017-09-10T16:32:02Z">
          <reporter-output>
          </reporter-output>
        </test-method> <!-- setUp -->
        <test-method status="PASS" signature="loginTest(java.lang.String, java.lang.String, java.lang.String)[pri:0, instance:tests.validLoginTest@7921b0a2]" name="loginTest" duration-ms="5657" started-at="2017-09-10T16:32:02Z" data-provider="validLoginData" finished-at="2017-09-10T16:32:08Z">
          <params>
            <param index="0">
              <value>
                <![CDATA[pranz.paliwal@gmail.com]]>
              </value>
            </param>
            <param index="1">
              <value>
                <![CDATA[Pswd@test9]]>
              </value>
            </param>
            <param index="2">
              <value>
                <![CDATA[p pal]]>
              </value>
            </param>
          </params>
          <reporter-output>
          </reporter-output>
        </test-method> <!-- loginTest -->
        <test-method status="PASS" signature="afterMethod()[pri:0, instance:tests.validLoginTest@7921b0a2]" name="afterMethod" is-config="true" duration-ms="1391" started-at="2017-09-10T16:32:08Z" finished-at="2017-09-10T16:32:09Z">
          <reporter-output>
          </reporter-output>
        </test-method> <!-- afterMethod -->
      </class> <!-- tests.validLoginTest -->
    </test> <!-- Regression Test -->
  </suite> <!-- Regression -->
</testng-results>
