<?xml version="1.0" encoding="UTF-8"?>
<testng-results skipped="0" failed="0" ignored="0" total="1" passed="1">
  <reporter-output>
  </reporter-output>
  <suite name="Regression" duration-ms="52175" started-at="2017-09-11T21:35:29Z" finished-at="2017-09-11T21:36:21Z">
    <groups>
    </groups>
    <test name="Regression Test" duration-ms="52175" started-at="2017-09-11T21:35:29Z" finished-at="2017-09-11T21:36:21Z">
      <class name="tests.placeOrderTest">
        <test-method status="PASS" signature="setUp()[pri:0, instance:tests.placeOrderTest@6a024a67]" name="setUp" is-config="true" duration-ms="25591" started-at="2017-09-11T22:35:31Z" finished-at="2017-09-11T22:35:57Z">
          <reporter-output>
          </reporter-output>
        </test-method> <!-- setUp -->
        <test-method status="PASS" signature="verifyOrder(java.lang.String, java.lang.String, java.lang.String, java.lang.String, java.lang.String)[pri:0, instance:tests.placeOrderTest@6a024a67]" name="verifyOrder" duration-ms="20346" started-at="2017-09-11T22:35:57Z" data-provider="placeOrderData" finished-at="2017-09-11T22:36:17Z">
          <params>
            <param index="0">
              <value>
                <![CDATA[pranz.paliwal@gmail.com]]>
              </value>
            </param>
            <param index="1">
              <value>
                <![CDATA[Pswd@test9]]>
              </value>
            </param>
            <param index="2">
              <value>
                <![CDATA[Return to Home]]>
              </value>
            </param>
            <param index="3">
              <value>
                <![CDATA[Blouse]]>
              </value>
            </param>
            <param index="4">
              <value>
                <![CDATA[order on My Store is complete.]]>
              </value>
            </param>
          </params>
          <reporter-output>
          </reporter-output>
        </test-method> <!-- verifyOrder -->
        <test-method status="PASS" signature="afterMethod()[pri:0, instance:tests.placeOrderTest@6a024a67]" name="afterMethod" is-config="true" duration-ms="3513" started-at="2017-09-11T22:36:17Z" finished-at="2017-09-11T22:36:21Z">
          <reporter-output>
          </reporter-output>
        </test-method> <!-- afterMethod -->
      </class> <!-- tests.placeOrderTest -->
    </test> <!-- Regression Test -->
  </suite> <!-- Regression -->
</testng-results>
