<?xml version="1.0" encoding="UTF-8"?>
<testng-results skipped="0" failed="0" ignored="0" total="1" passed="1">
  <reporter-output>
  </reporter-output>
  <suite name="Default suite" duration-ms="33440" started-at="2017-09-10T13:42:10Z" finished-at="2017-09-10T13:42:44Z">
    <groups>
    </groups>
    <test name="Default test" duration-ms="33440" started-at="2017-09-10T13:42:10Z" finished-at="2017-09-10T13:42:44Z">
      <class name="tests.searchItemTest">
        <test-method status="PASS" signature="setUp()[pri:0, instance:tests.searchItemTest@4b952a2d]" name="setUp" is-config="true" duration-ms="17201" started-at="2017-09-10T14:42:14Z" finished-at="2017-09-10T14:42:31Z">
          <reporter-output>
          </reporter-output>
        </test-method> <!-- setUp -->
        <test-method status="PASS" signature="searchItem(java.lang.String, java.lang.String, java.lang.String, java.lang.String)[pri:0, instance:tests.searchItemTest@4b952a2d]" name="searchItem" duration-ms="10906" started-at="2017-09-10T14:42:31Z" data-provider="searchItemData" finished-at="2017-09-10T14:42:42Z">
          <params>
            <param index="0">
              <value>
                <![CDATA[pranz.paliwal@gmail.com]]>
              </value>
            </param>
            <param index="1">
              <value>
                <![CDATA[Pswd@test9]]>
              </value>
            </param>
            <param index="2">
              <value>
                <![CDATA[Blouse]]>
              </value>
            </param>
            <param index="3">
              <value>
                <![CDATA[Blouse]]>
              </value>
            </param>
          </params>
          <reporter-output>
          </reporter-output>
        </test-method> <!-- searchItem -->
        <test-method status="PASS" signature="afterMethod()[pri:0, instance:tests.searchItemTest@4b952a2d]" name="afterMethod" is-config="true" duration-ms="1642" started-at="2017-09-10T14:42:42Z" finished-at="2017-09-10T14:42:44Z">
          <reporter-output>
          </reporter-output>
        </test-method> <!-- afterMethod -->
      </class> <!-- tests.searchItemTest -->
    </test> <!-- Default test -->
  </suite> <!-- Default suite -->
</testng-results>
